<?xml version="1.0" encoding="UTF-8"?>
<coverage version="7.10.0" lines-valid="3" lines-covered="2" line-rate="0.6666667" branches-valid="2" branches-covered="1" branch-rate="0.5">
  <packages>
    <package name="sample.api" line-rate="0.6666667" branch-rate="0.5">
      <classes>
        <class name="api" filename="src/sample/api.py" line-rate="0.6666667" branch-rate="0.5">
          <lines>
            <line number="1" hits="3" />
            <line number="2" hits="0" branch="true" condition-coverage="50% (1/2)" />
            <line number="3" hits="1" />
          </lines>
        </class>
      </classes>
    </package>
  </packages>
</coverage>
